[error] Failed to fetch Firebase Project from Studio Workspace because WORKSPACE_SLUG environment variable is empty
[error] Failed to fetch Firebase Project from Studio Workspace because WORKSPACE_SLUG environment variable is empty
[debug] [2025-09-18T22:36:40.762Z] Checked if tokens are valid: false, expires at: 1758229718232
[debug] [2025-09-18T22:36:40.763Z] Checked if tokens are valid: false, expires at: 1758229718232
[debug] [2025-09-18T22:36:40.763Z] > refreshing access token with scopes: []
[debug] [2025-09-18T22:36:40.768Z] >>> [apiv2][query] POST https://www.googleapis.com/oauth2/v3/token [none]
[debug] [2025-09-18T22:36:40.768Z] >>> [apiv2][body] POST https://www.googleapis.com/oauth2/v3/token [omitted]
[debug] [2025-09-18T22:36:40.832Z] Checked if tokens are valid: false, expires at: 1758229718232
[debug] [2025-09-18T22:36:40.833Z] Checked if tokens are valid: false, expires at: 1758229718232
[debug] [2025-09-18T22:36:40.833Z] > refreshing access token with scopes: []
[debug] [2025-09-18T22:36:40.834Z] >>> [apiv2][query] POST https://www.googleapis.com/oauth2/v3/token [none]
[debug] [2025-09-18T22:36:40.834Z] >>> [apiv2][body] POST https://www.googleapis.com/oauth2/v3/token [omitted]
[debug] [2025-09-18T22:36:40.837Z] Checked if tokens are valid: false, expires at: 1758229718232
[debug] [2025-09-18T22:36:40.837Z] Checked if tokens are valid: false, expires at: 1758229718232
[debug] [2025-09-18T22:36:40.837Z] > refreshing access token with scopes: []
[debug] [2025-09-18T22:36:40.838Z] >>> [apiv2][query] POST https://www.googleapis.com/oauth2/v3/token [none]
[debug] [2025-09-18T22:36:40.838Z] >>> [apiv2][body] POST https://www.googleapis.com/oauth2/v3/token [omitted]
[debug] [2025-09-18T22:36:40.840Z] Checked if tokens are valid: false, expires at: 1758229718232
[debug] [2025-09-18T22:36:40.841Z] Checked if tokens are valid: false, expires at: 1758229718232
[debug] [2025-09-18T22:36:40.841Z] > refreshing access token with scopes: []
[debug] [2025-09-18T22:36:40.841Z] >>> [apiv2][query] POST https://www.googleapis.com/oauth2/v3/token [none]
[debug] [2025-09-18T22:36:40.841Z] >>> [apiv2][body] POST https://www.googleapis.com/oauth2/v3/token [omitted]
[error] Failed to fetch Firebase Project from Studio Workspace because WORKSPACE_SLUG environment variable is empty
[error] Failed to fetch Firebase Project from Studio Workspace because WORKSPACE_SLUG environment variable is empty
[debug] [2025-09-18T22:36:40.894Z] Checked if tokens are valid: false, expires at: 1758229718232
[debug] [2025-09-18T22:36:40.894Z] Checked if tokens are valid: false, expires at: 1758229718232
[debug] [2025-09-18T22:36:40.894Z] > refreshing access token with scopes: []
[debug] [2025-09-18T22:36:40.894Z] >>> [apiv2][query] POST https://www.googleapis.com/oauth2/v3/token [none]
[debug] [2025-09-18T22:36:40.895Z] >>> [apiv2][body] POST https://www.googleapis.com/oauth2/v3/token [omitted]
[debug] [2025-09-18T22:36:40.897Z] Checked if tokens are valid: false, expires at: 1758229718232
[debug] [2025-09-18T22:36:40.897Z] Checked if tokens are valid: false, expires at: 1758229718232
[debug] [2025-09-18T22:36:40.897Z] > refreshing access token with scopes: []
[debug] [2025-09-18T22:36:40.897Z] >>> [apiv2][query] POST https://www.googleapis.com/oauth2/v3/token [none]
[debug] [2025-09-18T22:36:40.897Z] >>> [apiv2][body] POST https://www.googleapis.com/oauth2/v3/token [omitted]
[debug] [2025-09-18T22:36:40.900Z] Checked if tokens are valid: false, expires at: 1758229718232
[debug] [2025-09-18T22:36:40.900Z] Checked if tokens are valid: false, expires at: 1758229718232
[debug] [2025-09-18T22:36:40.900Z] > refreshing access token with scopes: []
[debug] [2025-09-18T22:36:40.900Z] >>> [apiv2][query] POST https://www.googleapis.com/oauth2/v3/token [none]
[debug] [2025-09-18T22:36:40.900Z] >>> [apiv2][body] POST https://www.googleapis.com/oauth2/v3/token [omitted]
[debug] [2025-09-18T22:36:40.903Z] Checked if tokens are valid: false, expires at: 1758229718232
[debug] [2025-09-18T22:36:40.903Z] Checked if tokens are valid: false, expires at: 1758229718232
[debug] [2025-09-18T22:36:40.903Z] > refreshing access token with scopes: []
[debug] [2025-09-18T22:36:40.903Z] >>> [apiv2][query] POST https://www.googleapis.com/oauth2/v3/token [none]
[debug] [2025-09-18T22:36:40.903Z] >>> [apiv2][body] POST https://www.googleapis.com/oauth2/v3/token [omitted]
[debug] [2025-09-18T22:36:40.949Z] <<< [apiv2][status] POST https://www.googleapis.com/oauth2/v3/token 200
[debug] [2025-09-18T22:36:40.949Z] <<< [apiv2][body] POST https://www.googleapis.com/oauth2/v3/token [omitted]
[debug] [2025-09-18T22:36:40.968Z] >>> [apiv2][query] GET https://serviceusage.googleapis.com/v1/projects/tradesitegenie/services/ [none]
[debug] [2025-09-18T22:36:40.968Z] >>> [apiv2][(partial)header] GET https://serviceusage.googleapis.com/v1/projects/tradesitegenie/services/ x-goog-quota-user=projects/tradesitegenie
[debug] [2025-09-18T22:36:40.986Z] <<< [apiv2][status] POST https://www.googleapis.com/oauth2/v3/token 200
[debug] [2025-09-18T22:36:40.987Z] <<< [apiv2][body] POST https://www.googleapis.com/oauth2/v3/token [omitted]
[debug] [2025-09-18T22:36:41.003Z] >>> [apiv2][query] GET https://serviceusage.googleapis.com/v1/projects/tradesitegenie/services/firebasecrashlytics.googleapis.com [none]
[debug] [2025-09-18T22:36:41.004Z] >>> [apiv2][(partial)header] GET https://serviceusage.googleapis.com/v1/projects/tradesitegenie/services/firebasecrashlytics.googleapis.com x-goog-quota-user=projects/tradesitegenie
[debug] [2025-09-18T22:36:41.013Z] <<< [apiv2][status] POST https://www.googleapis.com/oauth2/v3/token 200
[debug] [2025-09-18T22:36:41.013Z] <<< [apiv2][body] POST https://www.googleapis.com/oauth2/v3/token [omitted]
[debug] [2025-09-18T22:36:41.032Z] >>> [apiv2][query] GET https://serviceusage.googleapis.com/v1/projects/tradesitegenie/services/ [none]
[debug] [2025-09-18T22:36:41.032Z] >>> [apiv2][(partial)header] GET https://serviceusage.googleapis.com/v1/projects/tradesitegenie/services/ x-goog-quota-user=projects/tradesitegenie
[debug] [2025-09-18T22:36:41.053Z] <<< [apiv2][status] POST https://www.googleapis.com/oauth2/v3/token 200
[debug] [2025-09-18T22:36:41.055Z] <<< [apiv2][body] POST https://www.googleapis.com/oauth2/v3/token [omitted]
[debug] [2025-09-18T22:36:41.071Z] >>> [apiv2][query] GET https://serviceusage.googleapis.com/v1/projects/tradesitegenie/services/firebasedataconnect.googleapis.com [none]
[debug] [2025-09-18T22:36:41.071Z] >>> [apiv2][(partial)header] GET https://serviceusage.googleapis.com/v1/projects/tradesitegenie/services/firebasedataconnect.googleapis.com x-goog-quota-user=projects/tradesitegenie
[debug] [2025-09-18T22:36:41.073Z] <<< [apiv2][status] POST https://www.googleapis.com/oauth2/v3/token 200
[debug] [2025-09-18T22:36:41.073Z] <<< [apiv2][body] POST https://www.googleapis.com/oauth2/v3/token [omitted]
[debug] [2025-09-18T22:36:41.086Z] >>> [apiv2][query] GET https://serviceusage.googleapis.com/v1/projects/tradesitegenie/services/firebaseio.com [none]
[debug] [2025-09-18T22:36:41.086Z] >>> [apiv2][(partial)header] GET https://serviceusage.googleapis.com/v1/projects/tradesitegenie/services/firebaseio.com x-goog-quota-user=projects/tradesitegenie
[debug] [2025-09-18T22:36:41.089Z] <<< [apiv2][status] POST https://www.googleapis.com/oauth2/v3/token 200
[debug] [2025-09-18T22:36:41.089Z] <<< [apiv2][body] POST https://www.googleapis.com/oauth2/v3/token [omitted]
[debug] [2025-09-18T22:36:41.106Z] >>> [apiv2][query] GET https://serviceusage.googleapis.com/v1/projects/tradesitegenie/services/firebaseio.com [none]
[debug] [2025-09-18T22:36:41.106Z] >>> [apiv2][(partial)header] GET https://serviceusage.googleapis.com/v1/projects/tradesitegenie/services/firebaseio.com x-goog-quota-user=projects/tradesitegenie
[debug] [2025-09-18T22:36:41.108Z] <<< [apiv2][status] POST https://www.googleapis.com/oauth2/v3/token 200
[debug] [2025-09-18T22:36:41.108Z] <<< [apiv2][body] POST https://www.googleapis.com/oauth2/v3/token [omitted]
[debug] [2025-09-18T22:36:41.119Z] >>> [apiv2][query] GET https://serviceusage.googleapis.com/v1/projects/tradesitegenie/services/firebasedataconnect.googleapis.com [none]
[debug] [2025-09-18T22:36:41.119Z] >>> [apiv2][(partial)header] GET https://serviceusage.googleapis.com/v1/projects/tradesitegenie/services/firebasedataconnect.googleapis.com x-goog-quota-user=projects/tradesitegenie
[debug] [2025-09-18T22:36:41.141Z] <<< [apiv2][status] POST https://www.googleapis.com/oauth2/v3/token 200
[debug] [2025-09-18T22:36:41.141Z] <<< [apiv2][body] POST https://www.googleapis.com/oauth2/v3/token [omitted]
[debug] [2025-09-18T22:36:41.157Z] >>> [apiv2][query] GET https://serviceusage.googleapis.com/v1/projects/tradesitegenie/services/firebasecrashlytics.googleapis.com [none]
[debug] [2025-09-18T22:36:41.157Z] >>> [apiv2][(partial)header] GET https://serviceusage.googleapis.com/v1/projects/tradesitegenie/services/firebasecrashlytics.googleapis.com x-goog-quota-user=projects/tradesitegenie
[debug] [2025-09-18T22:36:41.272Z] <<< [apiv2][status] GET https://serviceusage.googleapis.com/v1/projects/tradesitegenie/services/firebaseio.com 403
[debug] [2025-09-18T22:36:41.273Z] <<< [apiv2][body] GET https://serviceusage.googleapis.com/v1/projects/tradesitegenie/services/firebaseio.com [omitted]
[debug] [2025-09-18T22:36:41.299Z] <<< [apiv2][status] GET https://serviceusage.googleapis.com/v1/projects/tradesitegenie/services/firebaseio.com 403
[debug] [2025-09-18T22:36:41.299Z] <<< [apiv2][body] GET https://serviceusage.googleapis.com/v1/projects/tradesitegenie/services/firebaseio.com [omitted]
[debug] [2025-09-18T22:36:41.338Z] <<< [apiv2][status] GET https://serviceusage.googleapis.com/v1/projects/tradesitegenie/services/firebasecrashlytics.googleapis.com 200
[debug] [2025-09-18T22:36:41.338Z] <<< [apiv2][body] GET https://serviceusage.googleapis.com/v1/projects/tradesitegenie/services/firebasecrashlytics.googleapis.com [omitted]
[debug] [2025-09-18T22:36:41.450Z] <<< [apiv2][status] GET https://serviceusage.googleapis.com/v1/projects/tradesitegenie/services/firebasedataconnect.googleapis.com 200
[debug] [2025-09-18T22:36:41.452Z] <<< [apiv2][body] GET https://serviceusage.googleapis.com/v1/projects/tradesitegenie/services/firebasedataconnect.googleapis.com [omitted]
[debug] [2025-09-18T22:36:41.469Z] <<< [apiv2][status] GET https://serviceusage.googleapis.com/v1/projects/tradesitegenie/services/firebasecrashlytics.googleapis.com 200
[debug] [2025-09-18T22:36:41.469Z] <<< [apiv2][body] GET https://serviceusage.googleapis.com/v1/projects/tradesitegenie/services/firebasecrashlytics.googleapis.com [omitted]
[debug] [2025-09-18T22:36:41.484Z] <<< [apiv2][status] GET https://serviceusage.googleapis.com/v1/projects/tradesitegenie/services/firebasedataconnect.googleapis.com 200
[debug] [2025-09-18T22:36:41.484Z] <<< [apiv2][body] GET https://serviceusage.googleapis.com/v1/projects/tradesitegenie/services/firebasedataconnect.googleapis.com [omitted]
[debug] [2025-09-18T22:36:41.508Z] <<< [apiv2][status] GET https://serviceusage.googleapis.com/v1/projects/tradesitegenie/services/ 200
[debug] [2025-09-18T22:36:41.508Z] <<< [apiv2][body] GET https://serviceusage.googleapis.com/v1/projects/tradesitegenie/services/ [omitted]
[debug] [2025-09-18T22:36:41.513Z] <<< [apiv2][status] GET https://serviceusage.googleapis.com/v1/projects/tradesitegenie/services/ 200
[debug] [2025-09-18T22:36:41.513Z] <<< [apiv2][body] GET https://serviceusage.googleapis.com/v1/projects/tradesitegenie/services/ [omitted]
[error] Failed to fetch Firebase Project from Studio Workspace because WORKSPACE_SLUG environment variable is empty
[error] Failed to fetch Firebase Project from Studio Workspace because WORKSPACE_SLUG environment variable is empty
[debug] [2025-09-18T22:36:41.517Z] > command requires scopes: ["email","openid","https://www.googleapis.com/auth/cloudplatformprojects.readonly","https://www.googleapis.com/auth/firebase","https://www.googleapis.com/auth/cloud-platform","https://www.googleapis.com/auth/userinfo.email"]
[debug] [2025-09-18T22:36:41.520Z] > authorizing via signed-in user (whitem0824@gmail.com)
[error] Failed to fetch Firebase Project from Studio Workspace because WORKSPACE_SLUG environment variable is empty
[error] Failed to fetch Firebase Project from Studio Workspace because WORKSPACE_SLUG environment variable is empty
[debug] [2025-09-18T22:39:35.506Z] Checked if tokens are valid: true, expires at: 1758238600141
[debug] [2025-09-18T22:39:35.511Z] Checked if tokens are valid: true, expires at: 1758238600141
[debug] [2025-09-18T22:39:35.513Z] Checked if tokens are valid: true, expires at: 1758238600141
[debug] [2025-09-18T22:39:35.514Z] Checked if tokens are valid: true, expires at: 1758238600141
[debug] [2025-09-18T22:39:35.520Z] Checked if tokens are valid: true, expires at: 1758238600141
[debug] [2025-09-18T22:39:35.521Z] Checked if tokens are valid: true, expires at: 1758238600141
[debug] [2025-09-18T22:39:35.528Z] Checked if tokens are valid: true, expires at: 1758238600141
[debug] [2025-09-18T22:39:35.537Z] Checked if tokens are valid: true, expires at: 1758238600141
[debug] [2025-09-18T22:39:35.543Z] >>> [apiv2][query] GET https://serviceusage.googleapis.com/v1/projects/tradesitegenie/services/ [none]
[debug] [2025-09-18T22:39:35.544Z] >>> [apiv2][(partial)header] GET https://serviceusage.googleapis.com/v1/projects/tradesitegenie/services/ x-goog-quota-user=projects/tradesitegenie
[debug] [2025-09-18T22:39:35.826Z] >>> [apiv2][query] GET https://serviceusage.googleapis.com/v1/projects/tradesitegenie/services/firebasedataconnect.googleapis.com [none]
[debug] [2025-09-18T22:39:35.829Z] >>> [apiv2][(partial)header] GET https://serviceusage.googleapis.com/v1/projects/tradesitegenie/services/firebasedataconnect.googleapis.com x-goog-quota-user=projects/tradesitegenie
[debug] [2025-09-18T22:39:35.835Z] >>> [apiv2][query] GET https://serviceusage.googleapis.com/v1/projects/tradesitegenie/services/firebasecrashlytics.googleapis.com [none]
[debug] [2025-09-18T22:39:35.837Z] >>> [apiv2][(partial)header] GET https://serviceusage.googleapis.com/v1/projects/tradesitegenie/services/firebasecrashlytics.googleapis.com x-goog-quota-user=projects/tradesitegenie
[debug] [2025-09-18T22:39:35.841Z] >>> [apiv2][query] GET https://serviceusage.googleapis.com/v1/projects/tradesitegenie/services/firebaseio.com [none]
[debug] [2025-09-18T22:39:35.841Z] >>> [apiv2][(partial)header] GET https://serviceusage.googleapis.com/v1/projects/tradesitegenie/services/firebaseio.com x-goog-quota-user=projects/tradesitegenie
[error] Failed to fetch Firebase Project from Studio Workspace because WORKSPACE_SLUG environment variable is empty
[error] Failed to fetch Firebase Project from Studio Workspace because WORKSPACE_SLUG environment variable is empty
[debug] [2025-09-18T22:39:36.045Z] Checked if tokens are valid: true, expires at: 1758238600141
[debug] [2025-09-18T22:39:36.047Z] Checked if tokens are valid: true, expires at: 1758238600141
[debug] [2025-09-18T22:39:36.051Z] Checked if tokens are valid: true, expires at: 1758238600141
[debug] [2025-09-18T22:39:36.051Z] Checked if tokens are valid: true, expires at: 1758238600141
[debug] [2025-09-18T22:39:36.054Z] Checked if tokens are valid: true, expires at: 1758238600141
[debug] [2025-09-18T22:39:36.054Z] Checked if tokens are valid: true, expires at: 1758238600141
[debug] [2025-09-18T22:39:36.055Z] Checked if tokens are valid: true, expires at: 1758238600141
[debug] [2025-09-18T22:39:36.055Z] Checked if tokens are valid: true, expires at: 1758238600141
[debug] [2025-09-18T22:39:36.055Z] >>> [apiv2][query] GET https://serviceusage.googleapis.com/v1/projects/tradesitegenie/services/ [none]
[debug] [2025-09-18T22:39:36.055Z] >>> [apiv2][(partial)header] GET https://serviceusage.googleapis.com/v1/projects/tradesitegenie/services/ x-goog-quota-user=projects/tradesitegenie
[debug] [2025-09-18T22:39:36.061Z] >>> [apiv2][query] GET https://serviceusage.googleapis.com/v1/projects/tradesitegenie/services/firebasedataconnect.googleapis.com [none]
[debug] [2025-09-18T22:39:36.062Z] >>> [apiv2][(partial)header] GET https://serviceusage.googleapis.com/v1/projects/tradesitegenie/services/firebasedataconnect.googleapis.com x-goog-quota-user=projects/tradesitegenie
[debug] [2025-09-18T22:39:36.067Z] >>> [apiv2][query] GET https://serviceusage.googleapis.com/v1/projects/tradesitegenie/services/firebasecrashlytics.googleapis.com [none]
[debug] [2025-09-18T22:39:36.069Z] >>> [apiv2][(partial)header] GET https://serviceusage.googleapis.com/v1/projects/tradesitegenie/services/firebasecrashlytics.googleapis.com x-goog-quota-user=projects/tradesitegenie
[debug] [2025-09-18T22:39:36.075Z] >>> [apiv2][query] GET https://serviceusage.googleapis.com/v1/projects/tradesitegenie/services/firebaseio.com [none]
[debug] [2025-09-18T22:39:36.076Z] >>> [apiv2][(partial)header] GET https://serviceusage.googleapis.com/v1/projects/tradesitegenie/services/firebaseio.com x-goog-quota-user=projects/tradesitegenie
[debug] [2025-09-18T22:39:36.327Z] <<< [apiv2][status] GET https://serviceusage.googleapis.com/v1/projects/tradesitegenie/services/firebaseio.com 403
[debug] [2025-09-18T22:39:36.330Z] <<< [apiv2][body] GET https://serviceusage.googleapis.com/v1/projects/tradesitegenie/services/firebaseio.com [omitted]
[debug] [2025-09-18T22:39:36.356Z] <<< [apiv2][status] GET https://serviceusage.googleapis.com/v1/projects/tradesitegenie/services/firebaseio.com 403
[debug] [2025-09-18T22:39:36.357Z] <<< [apiv2][body] GET https://serviceusage.googleapis.com/v1/projects/tradesitegenie/services/firebaseio.com [omitted]
[debug] [2025-09-18T22:39:36.424Z] <<< [apiv2][status] GET https://serviceusage.googleapis.com/v1/projects/tradesitegenie/services/firebasedataconnect.googleapis.com 200
[debug] [2025-09-18T22:39:36.429Z] <<< [apiv2][body] GET https://serviceusage.googleapis.com/v1/projects/tradesitegenie/services/firebasedataconnect.googleapis.com [omitted]
[debug] [2025-09-18T22:39:36.468Z] <<< [apiv2][status] GET https://serviceusage.googleapis.com/v1/projects/tradesitegenie/services/firebasecrashlytics.googleapis.com 200
[debug] [2025-09-18T22:39:36.475Z] <<< [apiv2][body] GET https://serviceusage.googleapis.com/v1/projects/tradesitegenie/services/firebasecrashlytics.googleapis.com [omitted]
[debug] [2025-09-18T22:39:36.485Z] <<< [apiv2][status] GET https://serviceusage.googleapis.com/v1/projects/tradesitegenie/services/ 200
[debug] [2025-09-18T22:39:36.486Z] <<< [apiv2][body] GET https://serviceusage.googleapis.com/v1/projects/tradesitegenie/services/ [omitted]
[debug] [2025-09-18T22:39:36.497Z] <<< [apiv2][status] GET https://serviceusage.googleapis.com/v1/projects/tradesitegenie/services/firebasedataconnect.googleapis.com 200
[debug] [2025-09-18T22:39:36.497Z] <<< [apiv2][body] GET https://serviceusage.googleapis.com/v1/projects/tradesitegenie/services/firebasedataconnect.googleapis.com [omitted]
[debug] [2025-09-18T22:39:36.505Z] <<< [apiv2][status] GET https://serviceusage.googleapis.com/v1/projects/tradesitegenie/services/firebasecrashlytics.googleapis.com 200
[debug] [2025-09-18T22:39:36.505Z] <<< [apiv2][body] GET https://serviceusage.googleapis.com/v1/projects/tradesitegenie/services/firebasecrashlytics.googleapis.com [omitted]
[debug] [2025-09-18T22:39:36.646Z] <<< [apiv2][status] GET https://serviceusage.googleapis.com/v1/projects/tradesitegenie/services/ 200
[debug] [2025-09-18T22:39:36.649Z] <<< [apiv2][body] GET https://serviceusage.googleapis.com/v1/projects/tradesitegenie/services/ [omitted]
[error] Failed to fetch Firebase Project from Studio Workspace because WORKSPACE_SLUG environment variable is empty
[error] Failed to fetch Firebase Project from Studio Workspace because WORKSPACE_SLUG environment variable is empty
[debug] [2025-09-18T22:39:36.661Z] > command requires scopes: ["email","openid","https://www.googleapis.com/auth/cloudplatformprojects.readonly","https://www.googleapis.com/auth/firebase","https://www.googleapis.com/auth/cloud-platform","https://www.googleapis.com/auth/userinfo.email"]
[debug] [2025-09-18T22:39:36.669Z] > authorizing via signed-in user (whitem0824@gmail.com)
[error] Failed to fetch Firebase Project from Studio Workspace because WORKSPACE_SLUG environment variable is empty
[error] Failed to fetch Firebase Project from Studio Workspace because WORKSPACE_SLUG environment variable is empty
[debug] [2025-09-18T22:39:36.799Z] > command requires scopes: ["email","openid","https://www.googleapis.com/auth/cloudplatformprojects.readonly","https://www.googleapis.com/auth/firebase","https://www.googleapis.com/auth/cloud-platform","https://www.googleapis.com/auth/userinfo.email"]
[debug] [2025-09-18T22:39:36.800Z] > authorizing via signed-in user (whitem0824@gmail.com)
